\BOOKMARK [1][-]{section.1}{Introduction}{}% 1
\BOOKMARK [1][-]{section.2}{System description}{}% 2
\BOOKMARK [2][-]{subsection.2.1}{General overview}{section.2}% 3
\BOOKMARK [2][-]{subsection.2.2}{Case studies}{section.2}% 4
\BOOKMARK [2][-]{subsection.2.3}{Modelling and simulation}{section.2}% 5
\BOOKMARK [1][-]{section.3}{Theoretical background}{}% 6
\BOOKMARK [2][-]{subsection.3.1}{Exergy analysis}{section.3}% 7
\BOOKMARK [2][-]{subsection.3.2}{Flow exergy}{section.3}% 8
\BOOKMARK [2][-]{subsection.3.3}{Exergetic efficiency}{section.3}% 9
\BOOKMARK [3][-]{subsubsection.3.3.1}{Input-Output efficiency}{subsection.3.3}% 10
\BOOKMARK [3][-]{subsubsection.3.3.2}{Consumed-Produced efficiency}{subsection.3.3}% 11
\BOOKMARK [1][-]{section.4}{Efficiencies for oil and gas platforms}{}% 12
\BOOKMARK [2][-]{subsection.4.1}{Exergy balances}{section.4}% 13
\BOOKMARK [2][-]{subsection.4.2}{Exergetic efficiencies of the processing plant}{section.4}% 14
\BOOKMARK [2][-]{subsection.4.3}{Exergetic efficiency of the utility plant}{section.4}% 15
\BOOKMARK [2][-]{subsection.4.4}{Exergetic efficiencies for the complete plant}{section.4}% 16
\BOOKMARK [3][-]{subsubsection.4.4.1}{Case 1 \205 all streams of matter exiting the processing plant are useful}{subsection.4.4}% 17
\BOOKMARK [3][-]{subsubsection.4.4.2}{Case 2 \205 certain streams of matter exiting the processing plant are wasted}{subsection.4.4}% 18
\BOOKMARK [3][-]{subsubsection.4.4.3}{Auxiliary formulations}{subsection.4.4}% 19
\BOOKMARK [3][-]{subsubsection.4.4.4}{Summary of the definitions}{subsection.4.4}% 20
\BOOKMARK [1][-]{section.5}{Comparison of oil and gas platforms}{}% 21
\BOOKMARK [1][-]{section.6}{Discussion}{}% 22
\BOOKMARK [1][-]{section.7}{Conclusion}{}% 23
\BOOKMARK [1][-]{appendix.A}{Process details}{}% 24
